2018-07-30 16:01:25,173 INFO 8172 [egg:logger] init all loggers with options: {"dir":"C:\\github\\ruky\\logs\\ruky","encoding":"utf8","env":"local","level":"INFO","consoleLevel":"INFO","disableConsoleAfterReady":false,"outputJSON":false,"buffer":true,"appLogName":"ruky-web.log","coreLogName":"egg-web.log","agentLogName":"egg-agent.log","errorLogName":"common-error.log","coreLogger":{"consoleLevel":"WARN"},"allowDebugAtProd":false,"type":"application"}
2018-07-30 16:01:25,219 INFO 8172 [egg-schedule]: register schedule C:\github\ruky\node_modules\egg-logrotator\app\schedule\clean_log.js
2018-07-30 16:01:25,219 INFO 8172 [egg-schedule]: register schedule C:\github\ruky\node_modules\egg-logrotator\app\schedule\rotate_by_file.js
2018-07-30 16:01:25,279 INFO 8172 [egg-static] starting static serve /public/ -> C:\github\ruky\app\public
2018-07-30 16:01:25,282 INFO 8172 [egg-security] use csrf middleware
2018-07-30 16:01:25,283 INFO 8172 [egg-security] use methodnoallow middleware
2018-07-30 16:01:25,283 INFO 8172 [egg-security] use noopen middleware
2018-07-30 16:01:25,284 INFO 8172 [egg-security] use nosniff middleware
2018-07-30 16:01:25,285 INFO 8172 [egg-security] use xssProtection middleware
2018-07-30 16:01:25,285 INFO 8172 [egg-security] use xframe middleware
2018-07-30 16:01:25,286 INFO 8172 [egg-security] use dta middleware
2018-07-30 16:01:25,286 INFO 8172 [egg-security] compose 7 middlewares into one security middleware
2018-07-30 16:01:25,296 INFO 8172 [egg:core] dump config after load, 7ms
2018-07-30 16:01:25,310 INFO 8172 [egg-watcher:app] watcher start success
2018-07-30 16:01:25,317 INFO 8172 [egg:core] dump config after ready, 6ms
2018-07-30 16:03:23,646 INFO 8360 [egg:logger] init all loggers with options: {"dir":"C:\\github\\ruky\\logs\\ruky","encoding":"utf8","env":"local","level":"INFO","consoleLevel":"INFO","disableConsoleAfterReady":false,"outputJSON":false,"buffer":true,"appLogName":"ruky-web.log","coreLogName":"egg-web.log","agentLogName":"egg-agent.log","errorLogName":"common-error.log","coreLogger":{"consoleLevel":"WARN"},"allowDebugAtProd":false,"type":"application"}
2018-07-30 16:03:23,697 INFO 8360 [egg-schedule]: register schedule C:\github\ruky\node_modules\egg-logrotator\app\schedule\clean_log.js
2018-07-30 16:03:23,697 INFO 8360 [egg-schedule]: register schedule C:\github\ruky\node_modules\egg-logrotator\app\schedule\rotate_by_file.js
2018-07-30 16:03:23,768 INFO 8360 [egg-static] starting static serve /public/ -> C:\github\ruky\app\public
2018-07-30 16:03:23,771 INFO 8360 [egg-security] use csrf middleware
2018-07-30 16:03:23,773 INFO 8360 [egg-security] use methodnoallow middleware
2018-07-30 16:03:23,774 INFO 8360 [egg-security] use noopen middleware
2018-07-30 16:03:23,775 INFO 8360 [egg-security] use nosniff middleware
2018-07-30 16:03:23,776 INFO 8360 [egg-security] use xssProtection middleware
2018-07-30 16:03:23,777 INFO 8360 [egg-security] use xframe middleware
2018-07-30 16:03:23,777 INFO 8360 [egg-security] use dta middleware
2018-07-30 16:03:23,777 INFO 8360 [egg-security] compose 7 middlewares into one security middleware
2018-07-30 16:03:23,790 INFO 8360 [egg:core] dump config after load, 8ms
2018-07-30 16:03:23,807 INFO 8360 [egg-watcher:app] watcher start success
2018-07-30 16:03:23,814 INFO 8360 [egg:core] dump config after ready, 6ms
2018-07-30 16:05:23,929 INFO 9356 [egg:logger] init all loggers with options: {"dir":"C:\\github\\ruky\\logs\\ruky","encoding":"utf8","env":"local","level":"INFO","consoleLevel":"INFO","disableConsoleAfterReady":false,"outputJSON":false,"buffer":true,"appLogName":"ruky-web.log","coreLogName":"egg-web.log","agentLogName":"egg-agent.log","errorLogName":"common-error.log","coreLogger":{"consoleLevel":"WARN"},"allowDebugAtProd":false,"type":"application"}
2018-07-30 16:05:23,980 INFO 9356 [egg-schedule]: register schedule C:\github\ruky\node_modules\egg-logrotator\app\schedule\clean_log.js
2018-07-30 16:05:23,980 INFO 9356 [egg-schedule]: register schedule C:\github\ruky\node_modules\egg-logrotator\app\schedule\rotate_by_file.js
2018-07-30 16:05:24,044 INFO 9356 [egg-static] starting static serve /public/ -> C:\github\ruky\app\public
2018-07-30 16:05:24,047 INFO 9356 [egg-security] use csrf middleware
2018-07-30 16:05:24,048 INFO 9356 [egg-security] use methodnoallow middleware
2018-07-30 16:05:24,049 INFO 9356 [egg-security] use noopen middleware
2018-07-30 16:05:24,050 INFO 9356 [egg-security] use nosniff middleware
2018-07-30 16:05:24,050 INFO 9356 [egg-security] use xssProtection middleware
2018-07-30 16:05:24,051 INFO 9356 [egg-security] use xframe middleware
2018-07-30 16:05:24,051 INFO 9356 [egg-security] use dta middleware
2018-07-30 16:05:24,052 INFO 9356 [egg-security] compose 7 middlewares into one security middleware
2018-07-30 16:05:24,063 INFO 9356 [egg:core] dump config after load, 7ms
2018-07-30 16:05:24,076 INFO 9356 [egg-watcher:app] watcher start success
2018-07-30 16:05:24,090 INFO 9356 [egg:core] dump config after ready, 13ms
2018-07-30 16:05:41,962 INFO 3632 [egg:logger] init all loggers with options: {"dir":"C:\\github\\ruky\\logs\\ruky","encoding":"utf8","env":"local","level":"INFO","consoleLevel":"INFO","disableConsoleAfterReady":false,"outputJSON":false,"buffer":true,"appLogName":"ruky-web.log","coreLogName":"egg-web.log","agentLogName":"egg-agent.log","errorLogName":"common-error.log","coreLogger":{"consoleLevel":"WARN"},"allowDebugAtProd":false,"type":"application"}
2018-07-30 16:05:42,009 INFO 3632 [egg-schedule]: register schedule C:\github\ruky\node_modules\egg-logrotator\app\schedule\clean_log.js
2018-07-30 16:05:42,009 INFO 3632 [egg-schedule]: register schedule C:\github\ruky\node_modules\egg-logrotator\app\schedule\rotate_by_file.js
2018-07-30 16:05:42,074 INFO 3632 [egg-static] starting static serve /public/ -> C:\github\ruky\app\public
2018-07-30 16:05:42,077 INFO 3632 [egg-security] use csrf middleware
2018-07-30 16:05:42,078 INFO 3632 [egg-security] use methodnoallow middleware
2018-07-30 16:05:42,079 INFO 3632 [egg-security] use noopen middleware
2018-07-30 16:05:42,080 INFO 3632 [egg-security] use nosniff middleware
2018-07-30 16:05:42,080 INFO 3632 [egg-security] use xssProtection middleware
2018-07-30 16:05:42,081 INFO 3632 [egg-security] use xframe middleware
2018-07-30 16:05:42,081 INFO 3632 [egg-security] use dta middleware
2018-07-30 16:05:42,081 INFO 3632 [egg-security] compose 7 middlewares into one security middleware
2018-07-30 16:05:42,092 INFO 3632 [egg:core] dump config after load, 7ms
2018-07-30 16:05:42,104 INFO 3632 [egg-watcher:app] watcher start success
2018-07-30 16:05:42,116 INFO 3632 [egg:core] dump config after ready, 10ms
2018-07-30 16:16:23,460 INFO 5148 [egg:logger] init all loggers with options: {"dir":"C:\\github\\ruky\\logs\\ruky","encoding":"utf8","env":"local","level":"INFO","consoleLevel":"INFO","disableConsoleAfterReady":false,"outputJSON":false,"buffer":true,"appLogName":"ruky-web.log","coreLogName":"egg-web.log","agentLogName":"egg-agent.log","errorLogName":"common-error.log","coreLogger":{"consoleLevel":"WARN"},"allowDebugAtProd":false,"type":"application"}
2018-07-30 16:16:23,506 INFO 5148 [egg-schedule]: register schedule C:\github\ruky\node_modules\egg-logrotator\app\schedule\clean_log.js
2018-07-30 16:16:23,506 INFO 5148 [egg-schedule]: register schedule C:\github\ruky\node_modules\egg-logrotator\app\schedule\rotate_by_file.js
2018-07-30 16:16:23,571 INFO 5148 [egg-static] starting static serve /public/ -> C:\github\ruky\app\public
2018-07-30 16:16:23,575 INFO 5148 [egg-security] use csrf middleware
2018-07-30 16:16:23,576 INFO 5148 [egg-security] use methodnoallow middleware
2018-07-30 16:16:23,576 INFO 5148 [egg-security] use noopen middleware
2018-07-30 16:16:23,577 INFO 5148 [egg-security] use nosniff middleware
2018-07-30 16:16:23,578 INFO 5148 [egg-security] use xssProtection middleware
2018-07-30 16:16:23,578 INFO 5148 [egg-security] use xframe middleware
2018-07-30 16:16:23,579 INFO 5148 [egg-security] use dta middleware
2018-07-30 16:16:23,579 INFO 5148 [egg-security] compose 7 middlewares into one security middleware
2018-07-30 16:16:23,593 INFO 5148 [egg:core] dump config after load, 8ms
2018-07-30 16:16:23,605 INFO 5148 [egg-watcher:app] watcher start success
2018-07-30 16:16:23,614 INFO 5148 [egg:core] dump config after ready, 7ms
2018-07-30 16:16:27,335 INFO 5148 [egg-view-nunjucks] loading templates from ["C:\\github\\ruky\\app\\view"]
2018-07-30 16:24:03,563 INFO 9464 [egg:logger] init all loggers with options: {"dir":"C:\\github\\ruky\\logs\\ruky","encoding":"utf8","env":"local","level":"INFO","consoleLevel":"INFO","disableConsoleAfterReady":false,"outputJSON":false,"buffer":true,"appLogName":"ruky-web.log","coreLogName":"egg-web.log","agentLogName":"egg-agent.log","errorLogName":"common-error.log","coreLogger":{"consoleLevel":"WARN"},"allowDebugAtProd":false,"type":"application"}
2018-07-30 16:24:03,613 INFO 9464 [egg-schedule]: register schedule C:\github\ruky\node_modules\egg-logrotator\app\schedule\clean_log.js
2018-07-30 16:24:03,613 INFO 9464 [egg-schedule]: register schedule C:\github\ruky\node_modules\egg-logrotator\app\schedule\rotate_by_file.js
2018-07-30 16:24:03,688 INFO 9464 [egg-static] starting static serve /public/ -> C:\github\ruky\app\public
2018-07-30 16:24:03,691 INFO 9464 [egg-security] use csrf middleware
2018-07-30 16:24:03,692 INFO 9464 [egg-security] use methodnoallow middleware
2018-07-30 16:24:03,692 INFO 9464 [egg-security] use noopen middleware
2018-07-30 16:24:03,693 INFO 9464 [egg-security] use nosniff middleware
2018-07-30 16:24:03,694 INFO 9464 [egg-security] use xssProtection middleware
2018-07-30 16:24:03,695 INFO 9464 [egg-security] use xframe middleware
2018-07-30 16:24:03,695 INFO 9464 [egg-security] use dta middleware
2018-07-30 16:24:03,695 INFO 9464 [egg-security] compose 7 middlewares into one security middleware
2018-07-30 16:24:03,707 INFO 9464 [egg:core] dump config after load, 7ms
2018-07-30 16:24:03,724 INFO 9464 [egg-watcher:app] watcher start success
2018-07-30 16:24:03,733 INFO 9464 [egg:core] dump config after ready, 7ms
2018-07-30 16:24:07,282 INFO 15332 [egg:logger] init all loggers with options: {"dir":"C:\\github\\ruky\\logs\\ruky","encoding":"utf8","env":"local","level":"INFO","consoleLevel":"INFO","disableConsoleAfterReady":false,"outputJSON":false,"buffer":true,"appLogName":"ruky-web.log","coreLogName":"egg-web.log","agentLogName":"egg-agent.log","errorLogName":"common-error.log","coreLogger":{"consoleLevel":"WARN"},"allowDebugAtProd":false,"type":"application"}
2018-07-30 16:24:07,329 INFO 15332 [egg-schedule]: register schedule C:\github\ruky\node_modules\egg-logrotator\app\schedule\clean_log.js
2018-07-30 16:24:07,329 INFO 15332 [egg-schedule]: register schedule C:\github\ruky\node_modules\egg-logrotator\app\schedule\rotate_by_file.js
2018-07-30 16:24:07,399 INFO 15332 [egg-static] starting static serve /public/ -> C:\github\ruky\app\public
2018-07-30 16:24:07,403 INFO 15332 [egg-security] use csrf middleware
2018-07-30 16:24:07,404 INFO 15332 [egg-security] use methodnoallow middleware
2018-07-30 16:24:07,405 INFO 15332 [egg-security] use noopen middleware
2018-07-30 16:24:07,406 INFO 15332 [egg-security] use nosniff middleware
2018-07-30 16:24:07,406 INFO 15332 [egg-security] use xssProtection middleware
2018-07-30 16:24:07,407 INFO 15332 [egg-security] use xframe middleware
2018-07-30 16:24:07,407 INFO 15332 [egg-security] use dta middleware
2018-07-30 16:24:07,407 INFO 15332 [egg-security] compose 7 middlewares into one security middleware
2018-07-30 16:24:07,420 INFO 15332 [egg:core] dump config after load, 8ms
2018-07-30 16:24:07,434 INFO 15332 [egg-watcher:app] watcher start success
2018-07-30 16:24:07,442 INFO 15332 [egg:core] dump config after ready, 6ms
2018-07-30 16:24:56,004 INFO 8216 [egg:logger] init all loggers with options: {"dir":"C:\\github\\ruky\\logs\\ruky","encoding":"utf8","env":"local","level":"INFO","consoleLevel":"INFO","disableConsoleAfterReady":false,"outputJSON":false,"buffer":true,"appLogName":"ruky-web.log","coreLogName":"egg-web.log","agentLogName":"egg-agent.log","errorLogName":"common-error.log","coreLogger":{"consoleLevel":"WARN"},"allowDebugAtProd":false,"type":"application"}
2018-07-30 16:24:56,052 INFO 8216 [egg-schedule]: register schedule C:\github\ruky\node_modules\egg-logrotator\app\schedule\clean_log.js
2018-07-30 16:24:56,052 INFO 8216 [egg-schedule]: register schedule C:\github\ruky\node_modules\egg-logrotator\app\schedule\rotate_by_file.js
2018-07-30 16:24:56,119 INFO 8216 [egg-static] starting static serve /public/ -> C:\github\ruky\app\public
2018-07-30 16:24:56,122 INFO 8216 [egg-security] use csrf middleware
2018-07-30 16:24:56,123 INFO 8216 [egg-security] use methodnoallow middleware
2018-07-30 16:24:56,124 INFO 8216 [egg-security] use noopen middleware
2018-07-30 16:24:56,125 INFO 8216 [egg-security] use nosniff middleware
2018-07-30 16:24:56,126 INFO 8216 [egg-security] use xssProtection middleware
2018-07-30 16:24:56,126 INFO 8216 [egg-security] use xframe middleware
2018-07-30 16:24:56,127 INFO 8216 [egg-security] use dta middleware
2018-07-30 16:24:56,127 INFO 8216 [egg-security] compose 7 middlewares into one security middleware
2018-07-30 16:24:56,142 INFO 8216 [egg:core] dump config after load, 7ms
2018-07-30 16:24:56,158 INFO 8216 [egg-watcher:app] watcher start success
2018-07-30 16:24:56,167 INFO 8216 [egg:core] dump config after ready, 7ms
2018-07-30 16:25:12,095 INFO 15292 [egg:logger] init all loggers with options: {"dir":"C:\\github\\ruky\\logs\\ruky","encoding":"utf8","env":"local","level":"INFO","consoleLevel":"INFO","disableConsoleAfterReady":false,"outputJSON":false,"buffer":true,"appLogName":"ruky-web.log","coreLogName":"egg-web.log","agentLogName":"egg-agent.log","errorLogName":"common-error.log","coreLogger":{"consoleLevel":"WARN"},"allowDebugAtProd":false,"type":"application"}
2018-07-30 16:25:12,146 INFO 15292 [egg-schedule]: register schedule C:\github\ruky\node_modules\egg-logrotator\app\schedule\clean_log.js
2018-07-30 16:25:12,146 INFO 15292 [egg-schedule]: register schedule C:\github\ruky\node_modules\egg-logrotator\app\schedule\rotate_by_file.js
2018-07-30 16:25:12,232 INFO 15292 [egg-static] starting static serve /public/ -> C:\github\ruky\app\public
2018-07-30 16:25:12,235 INFO 15292 [egg-security] use csrf middleware
2018-07-30 16:25:12,236 INFO 15292 [egg-security] use methodnoallow middleware
2018-07-30 16:25:12,237 INFO 15292 [egg-security] use noopen middleware
2018-07-30 16:25:12,238 INFO 15292 [egg-security] use nosniff middleware
2018-07-30 16:25:12,238 INFO 15292 [egg-security] use xssProtection middleware
2018-07-30 16:25:12,239 INFO 15292 [egg-security] use xframe middleware
2018-07-30 16:25:12,240 INFO 15292 [egg-security] use dta middleware
2018-07-30 16:25:12,240 INFO 15292 [egg-security] compose 7 middlewares into one security middleware
2018-07-30 16:25:12,253 INFO 15292 [egg:core] dump config after load, 8ms
2018-07-30 16:25:12,272 INFO 15292 [egg-watcher:app] watcher start success
2018-07-30 16:25:12,280 INFO 15292 [egg:core] dump config after ready, 7ms
